[21-Jan-2026 05:31:48 UTC] PHP Warning:  require(/home/icguchfssf/fastpaytrack.com/app/config/bootstrap.php): Failed to open stream: No such file or directory in /home/icguchfssf/fastpaytrack.com/index.php on line 4
[21-Jan-2026 05:31:48 UTC] PHP Fatal error:  Uncaught Error: Failed opening required '/home/icguchfssf/fastpaytrack.com/app/config/bootstrap.php' (include_path='.:/opt/alt/php82/usr/share/pear:/opt/alt/php82/usr/share/php:/usr/share/pear:/usr/share/php') in /home/icguchfssf/fastpaytrack.com/index.php:4
Stack trace:
#0 {main}
  thrown in /home/icguchfssf/fastpaytrack.com/index.php on line 4
[21-Jan-2026 05:35:29 UTC] PHP Warning:  require_once(/home/icguchfssf/fastpaytrack.com/app/config/../lib/Env.php): Failed to open stream: No such file or directory in /home/icguchfssf/fastpaytrack.com/app/config/bootstrap.php on line 8
[21-Jan-2026 05:35:29 UTC] PHP Fatal error:  Uncaught Error: Failed opening required '/home/icguchfssf/fastpaytrack.com/app/config/../lib/Env.php' (include_path='.:/opt/alt/php82/usr/share/pear:/opt/alt/php82/usr/share/php:/usr/share/pear:/usr/share/php') in /home/icguchfssf/fastpaytrack.com/app/config/bootstrap.php:8
Stack trace:
#0 /home/icguchfssf/fastpaytrack.com/index.php(4): require()
#1 {main}
  thrown in /home/icguchfssf/fastpaytrack.com/app/config/bootstrap.php on line 8
[21-Jan-2026 12:48:34 Asia/Jakarta] PHP Warning:  require_once(/home/icguchfssf/fastpaytrack.com/app/config/../lib/HttpClient.php): Failed to open stream: No such file or directory in /home/icguchfssf/fastpaytrack.com/app/config/bootstrap.php on line 22
[21-Jan-2026 12:48:34 Asia/Jakarta] PHP Fatal error:  Uncaught Error: Failed opening required '/home/icguchfssf/fastpaytrack.com/app/config/../lib/HttpClient.php' (include_path='.:/opt/alt/php82/usr/share/pear:/opt/alt/php82/usr/share/php:/usr/share/pear:/usr/share/php') in /home/icguchfssf/fastpaytrack.com/app/config/bootstrap.php:22
Stack trace:
#0 /home/icguchfssf/fastpaytrack.com/index.php(4): require()
#1 {main}
  thrown in /home/icguchfssf/fastpaytrack.com/app/config/bootstrap.php on line 22
[21-Jan-2026 12:48:37 Asia/Jakarta] PHP Warning:  require_once(/home/icguchfssf/fastpaytrack.com/app/config/../lib/HttpClient.php): Failed to open stream: No such file or directory in /home/icguchfssf/fastpaytrack.com/app/config/bootstrap.php on line 22
[21-Jan-2026 12:48:37 Asia/Jakarta] PHP Fatal error:  Uncaught Error: Failed opening required '/home/icguchfssf/fastpaytrack.com/app/config/../lib/HttpClient.php' (include_path='.:/opt/alt/php82/usr/share/pear:/opt/alt/php82/usr/share/php:/usr/share/pear:/usr/share/php') in /home/icguchfssf/fastpaytrack.com/app/config/bootstrap.php:22
Stack trace:
#0 /home/icguchfssf/fastpaytrack.com/index.php(4): require()
#1 {main}
  thrown in /home/icguchfssf/fastpaytrack.com/app/config/bootstrap.php on line 22
[21-Jan-2026 12:49:35 Asia/Jakarta] PHP Warning:  require_once(/home/icguchfssf/fastpaytrack.com/app/config/../lib/HttpClient.php): Failed to open stream: No such file or directory in /home/icguchfssf/fastpaytrack.com/app/config/bootstrap.php on line 22
[21-Jan-2026 12:49:35 Asia/Jakarta] PHP Fatal error:  Uncaught Error: Failed opening required '/home/icguchfssf/fastpaytrack.com/app/config/../lib/HttpClient.php' (include_path='.:/opt/alt/php82/usr/share/pear:/opt/alt/php82/usr/share/php:/usr/share/pear:/usr/share/php') in /home/icguchfssf/fastpaytrack.com/app/config/bootstrap.php:22
Stack trace:
#0 /home/icguchfssf/fastpaytrack.com/index.php(4): require()
#1 {main}
  thrown in /home/icguchfssf/fastpaytrack.com/app/config/bootstrap.php on line 22
[21-Jan-2026 12:49:45 Asia/Jakarta] PHP Warning:  require_once(/home/icguchfssf/fastpaytrack.com/app/config/../lib/HttpClient.php): Failed to open stream: No such file or directory in /home/icguchfssf/fastpaytrack.com/app/config/bootstrap.php on line 22
[21-Jan-2026 12:49:45 Asia/Jakarta] PHP Fatal error:  Uncaught Error: Failed opening required '/home/icguchfssf/fastpaytrack.com/app/config/../lib/HttpClient.php' (include_path='.:/opt/alt/php82/usr/share/pear:/opt/alt/php82/usr/share/php:/usr/share/pear:/usr/share/php') in /home/icguchfssf/fastpaytrack.com/app/config/bootstrap.php:22
Stack trace:
#0 /home/icguchfssf/fastpaytrack.com/index.php(4): require()
#1 {main}
  thrown in /home/icguchfssf/fastpaytrack.com/app/config/bootstrap.php on line 22
[21-Jan-2026 12:52:07 Asia/Jakarta] PHP Warning:  require_once(/home/icguchfssf/fastpaytrack.com/app/config/../lib/HttpClient.php): Failed to open stream: No such file or directory in /home/icguchfssf/fastpaytrack.com/app/config/bootstrap.php on line 22
[21-Jan-2026 12:52:07 Asia/Jakarta] PHP Fatal error:  Uncaught Error: Failed opening required '/home/icguchfssf/fastpaytrack.com/app/config/../lib/HttpClient.php' (include_path='.:/opt/alt/php82/usr/share/pear:/opt/alt/php82/usr/share/php:/usr/share/pear:/usr/share/php') in /home/icguchfssf/fastpaytrack.com/app/config/bootstrap.php:22
Stack trace:
#0 /home/icguchfssf/fastpaytrack.com/index.php(4): require()
#1 {main}
  thrown in /home/icguchfssf/fastpaytrack.com/app/config/bootstrap.php on line 22
[21-Jan-2026 13:01:58 Asia/Jakarta] PHP Warning:  require_once(/home/icguchfssf/fastpaytrack.com/app/config/../lib/HttpClient.php): Failed to open stream: No such file or directory in /home/icguchfssf/fastpaytrack.com/app/config/bootstrap.php on line 22
[21-Jan-2026 13:01:58 Asia/Jakarta] PHP Fatal error:  Uncaught Error: Failed opening required '/home/icguchfssf/fastpaytrack.com/app/config/../lib/HttpClient.php' (include_path='.:/opt/alt/php82/usr/share/pear:/opt/alt/php82/usr/share/php:/usr/share/pear:/usr/share/php') in /home/icguchfssf/fastpaytrack.com/app/config/bootstrap.php:22
Stack trace:
#0 /home/icguchfssf/fastpaytrack.com/index.php(4): require()
#1 {main}
  thrown in /home/icguchfssf/fastpaytrack.com/app/config/bootstrap.php on line 22
[21-Jan-2026 13:05:00 Asia/Jakarta] PHP Warning:  require_once(/home/icguchfssf/fastpaytrack.com/app/config/../lib/HttpClient.php): Failed to open stream: No such file or directory in /home/icguchfssf/fastpaytrack.com/app/config/bootstrap.php on line 22
[21-Jan-2026 13:05:00 Asia/Jakarta] PHP Fatal error:  Uncaught Error: Failed opening required '/home/icguchfssf/fastpaytrack.com/app/config/../lib/HttpClient.php' (include_path='.:/opt/alt/php82/usr/share/pear:/opt/alt/php82/usr/share/php:/usr/share/pear:/usr/share/php') in /home/icguchfssf/fastpaytrack.com/app/config/bootstrap.php:22
Stack trace:
#0 /home/icguchfssf/fastpaytrack.com/index.php(4): require()
#1 {main}
  thrown in /home/icguchfssf/fastpaytrack.com/app/config/bootstrap.php on line 22
[21-Jan-2026 13:05:02 Asia/Jakarta] PHP Warning:  require_once(/home/icguchfssf/fastpaytrack.com/app/config/../lib/HttpClient.php): Failed to open stream: No such file or directory in /home/icguchfssf/fastpaytrack.com/app/config/bootstrap.php on line 22
[21-Jan-2026 13:05:02 Asia/Jakarta] PHP Fatal error:  Uncaught Error: Failed opening required '/home/icguchfssf/fastpaytrack.com/app/config/../lib/HttpClient.php' (include_path='.:/opt/alt/php82/usr/share/pear:/opt/alt/php82/usr/share/php:/usr/share/pear:/usr/share/php') in /home/icguchfssf/fastpaytrack.com/app/config/bootstrap.php:22
Stack trace:
#0 /home/icguchfssf/fastpaytrack.com/index.php(4): require()
#1 {main}
  thrown in /home/icguchfssf/fastpaytrack.com/app/config/bootstrap.php on line 22
[21-Jan-2026 13:05:10 Asia/Jakarta] PHP Warning:  require_once(/home/icguchfssf/fastpaytrack.com/app/config/../lib/HttpClient.php): Failed to open stream: No such file or directory in /home/icguchfssf/fastpaytrack.com/app/config/bootstrap.php on line 22
[21-Jan-2026 13:05:10 Asia/Jakarta] PHP Fatal error:  Uncaught Error: Failed opening required '/home/icguchfssf/fastpaytrack.com/app/config/../lib/HttpClient.php' (include_path='.:/opt/alt/php82/usr/share/pear:/opt/alt/php82/usr/share/php:/usr/share/pear:/usr/share/php') in /home/icguchfssf/fastpaytrack.com/app/config/bootstrap.php:22
Stack trace:
#0 /home/icguchfssf/fastpaytrack.com/index.php(4): require()
#1 {main}
  thrown in /home/icguchfssf/fastpaytrack.com/app/config/bootstrap.php on line 22
[21-Jan-2026 13:13:08 Asia/Jakarta] PHP Warning:  require_once(/home/icguchfssf/fastpaytrack.com/app/config/../controllers/DashboardController.php): Failed to open stream: No such file or directory in /home/icguchfssf/fastpaytrack.com/app/config/bootstrap.php on line 30
[21-Jan-2026 13:13:08 Asia/Jakarta] PHP Fatal error:  Uncaught Error: Failed opening required '/home/icguchfssf/fastpaytrack.com/app/config/../controllers/DashboardController.php' (include_path='.:/opt/alt/php82/usr/share/pear:/opt/alt/php82/usr/share/php:/usr/share/pear:/usr/share/php') in /home/icguchfssf/fastpaytrack.com/app/config/bootstrap.php:30
Stack trace:
#0 /home/icguchfssf/fastpaytrack.com/index.php(4): require()
#1 {main}
  thrown in /home/icguchfssf/fastpaytrack.com/app/config/bootstrap.php on line 30
[21-Jan-2026 13:15:36 Asia/Jakarta] PHP Warning:  require_once(/home/icguchfssf/fastpaytrack.com/app/config/../controllers/DashboardController.php): Failed to open stream: No such file or directory in /home/icguchfssf/fastpaytrack.com/app/config/bootstrap.php on line 30
[21-Jan-2026 13:15:36 Asia/Jakarta] PHP Fatal error:  Uncaught Error: Failed opening required '/home/icguchfssf/fastpaytrack.com/app/config/../controllers/DashboardController.php' (include_path='.:/opt/alt/php82/usr/share/pear:/opt/alt/php82/usr/share/php:/usr/share/pear:/usr/share/php') in /home/icguchfssf/fastpaytrack.com/app/config/bootstrap.php:30
Stack trace:
#0 /home/icguchfssf/fastpaytrack.com/index.php(4): require()
#1 {main}
  thrown in /home/icguchfssf/fastpaytrack.com/app/config/bootstrap.php on line 30
[21-Jan-2026 13:15:38 Asia/Jakarta] PHP Warning:  require_once(/home/icguchfssf/fastpaytrack.com/app/config/../controllers/DashboardController.php): Failed to open stream: No such file or directory in /home/icguchfssf/fastpaytrack.com/app/config/bootstrap.php on line 30
[21-Jan-2026 13:15:38 Asia/Jakarta] PHP Fatal error:  Uncaught Error: Failed opening required '/home/icguchfssf/fastpaytrack.com/app/config/../controllers/DashboardController.php' (include_path='.:/opt/alt/php82/usr/share/pear:/opt/alt/php82/usr/share/php:/usr/share/pear:/usr/share/php') in /home/icguchfssf/fastpaytrack.com/app/config/bootstrap.php:30
Stack trace:
#0 /home/icguchfssf/fastpaytrack.com/index.php(4): require()
#1 {main}
  thrown in /home/icguchfssf/fastpaytrack.com/app/config/bootstrap.php on line 30
[21-Jan-2026 13:23:44 Asia/Jakarta] PHP Warning:  require_once(/home/icguchfssf/fastpaytrack.com/app/config/../controllers/DashboardController.php): Failed to open stream: No such file or directory in /home/icguchfssf/fastpaytrack.com/app/config/bootstrap.php on line 30
[21-Jan-2026 13:23:44 Asia/Jakarta] PHP Fatal error:  Uncaught Error: Failed opening required '/home/icguchfssf/fastpaytrack.com/app/config/../controllers/DashboardController.php' (include_path='.:/opt/alt/php82/usr/share/pear:/opt/alt/php82/usr/share/php:/usr/share/pear:/usr/share/php') in /home/icguchfssf/fastpaytrack.com/app/config/bootstrap.php:30
Stack trace:
#0 /home/icguchfssf/fastpaytrack.com/index.php(4): require()
#1 {main}
  thrown in /home/icguchfssf/fastpaytrack.com/app/config/bootstrap.php on line 30
[21-Jan-2026 13:28:38 Asia/Jakarta] PHP Warning:  require_once(/home/icguchfssf/fastpaytrack.com/app/config/../controllers/CheckoutController.php): Failed to open stream: No such file or directory in /home/icguchfssf/fastpaytrack.com/app/config/bootstrap.php on line 32
[21-Jan-2026 13:28:38 Asia/Jakarta] PHP Fatal error:  Uncaught Error: Failed opening required '/home/icguchfssf/fastpaytrack.com/app/config/../controllers/CheckoutController.php' (include_path='.:/opt/alt/php82/usr/share/pear:/opt/alt/php82/usr/share/php:/usr/share/pear:/usr/share/php') in /home/icguchfssf/fastpaytrack.com/app/config/bootstrap.php:32
Stack trace:
#0 /home/icguchfssf/fastpaytrack.com/index.php(4): require()
#1 {main}
  thrown in /home/icguchfssf/fastpaytrack.com/app/config/bootstrap.php on line 32
[21-Jan-2026 13:28:43 Asia/Jakarta] PHP Warning:  require_once(/home/icguchfssf/fastpaytrack.com/app/config/../controllers/CheckoutController.php): Failed to open stream: No such file or directory in /home/icguchfssf/fastpaytrack.com/app/config/bootstrap.php on line 32
[21-Jan-2026 13:28:43 Asia/Jakarta] PHP Fatal error:  Uncaught Error: Failed opening required '/home/icguchfssf/fastpaytrack.com/app/config/../controllers/CheckoutController.php' (include_path='.:/opt/alt/php82/usr/share/pear:/opt/alt/php82/usr/share/php:/usr/share/pear:/usr/share/php') in /home/icguchfssf/fastpaytrack.com/app/config/bootstrap.php:32
Stack trace:
#0 /home/icguchfssf/fastpaytrack.com/index.php(4): require()
#1 {main}
  thrown in /home/icguchfssf/fastpaytrack.com/app/config/bootstrap.php on line 32
[21-Jan-2026 13:28:44 Asia/Jakarta] PHP Warning:  require_once(/home/icguchfssf/fastpaytrack.com/app/config/../controllers/CheckoutController.php): Failed to open stream: No such file or directory in /home/icguchfssf/fastpaytrack.com/app/config/bootstrap.php on line 32
[21-Jan-2026 13:28:44 Asia/Jakarta] PHP Fatal error:  Uncaught Error: Failed opening required '/home/icguchfssf/fastpaytrack.com/app/config/../controllers/CheckoutController.php' (include_path='.:/opt/alt/php82/usr/share/pear:/opt/alt/php82/usr/share/php:/usr/share/pear:/usr/share/php') in /home/icguchfssf/fastpaytrack.com/app/config/bootstrap.php:32
Stack trace:
#0 /home/icguchfssf/fastpaytrack.com/index.php(4): require()
#1 {main}
  thrown in /home/icguchfssf/fastpaytrack.com/app/config/bootstrap.php on line 32
[21-Jan-2026 13:28:52 Asia/Jakarta] PHP Warning:  require_once(/home/icguchfssf/fastpaytrack.com/app/config/../controllers/CheckoutController.php): Failed to open stream: No such file or directory in /home/icguchfssf/fastpaytrack.com/app/config/bootstrap.php on line 32
[21-Jan-2026 13:28:52 Asia/Jakarta] PHP Fatal error:  Uncaught Error: Failed opening required '/home/icguchfssf/fastpaytrack.com/app/config/../controllers/CheckoutController.php' (include_path='.:/opt/alt/php82/usr/share/pear:/opt/alt/php82/usr/share/php:/usr/share/pear:/usr/share/php') in /home/icguchfssf/fastpaytrack.com/app/config/bootstrap.php:32
Stack trace:
#0 /home/icguchfssf/fastpaytrack.com/index.php(4): require()
#1 {main}
  thrown in /home/icguchfssf/fastpaytrack.com/app/config/bootstrap.php on line 32
[21-Jan-2026 13:29:04 Asia/Jakarta] PHP Warning:  require_once(/home/icguchfssf/fastpaytrack.com/app/config/../controllers/CheckoutController.php): Failed to open stream: No such file or directory in /home/icguchfssf/fastpaytrack.com/app/config/bootstrap.php on line 32
[21-Jan-2026 13:29:04 Asia/Jakarta] PHP Fatal error:  Uncaught Error: Failed opening required '/home/icguchfssf/fastpaytrack.com/app/config/../controllers/CheckoutController.php' (include_path='.:/opt/alt/php82/usr/share/pear:/opt/alt/php82/usr/share/php:/usr/share/pear:/usr/share/php') in /home/icguchfssf/fastpaytrack.com/app/config/bootstrap.php:32
Stack trace:
#0 /home/icguchfssf/fastpaytrack.com/index.php(4): require()
#1 {main}
  thrown in /home/icguchfssf/fastpaytrack.com/app/config/bootstrap.php on line 32
[21-Jan-2026 13:29:04 Asia/Jakarta] PHP Warning:  require_once(/home/icguchfssf/fastpaytrack.com/app/config/../controllers/CheckoutController.php): Failed to open stream: No such file or directory in /home/icguchfssf/fastpaytrack.com/app/config/bootstrap.php on line 32
[21-Jan-2026 13:29:04 Asia/Jakarta] PHP Fatal error:  Uncaught Error: Failed opening required '/home/icguchfssf/fastpaytrack.com/app/config/../controllers/CheckoutController.php' (include_path='.:/opt/alt/php82/usr/share/pear:/opt/alt/php82/usr/share/php:/usr/share/pear:/usr/share/php') in /home/icguchfssf/fastpaytrack.com/app/config/bootstrap.php:32
Stack trace:
#0 /home/icguchfssf/fastpaytrack.com/index.php(4): require()
#1 {main}
  thrown in /home/icguchfssf/fastpaytrack.com/app/config/bootstrap.php on line 32
[21-Jan-2026 13:29:10 Asia/Jakarta] PHP Warning:  require_once(/home/icguchfssf/fastpaytrack.com/app/config/../controllers/CheckoutController.php): Failed to open stream: No such file or directory in /home/icguchfssf/fastpaytrack.com/app/config/bootstrap.php on line 32
[21-Jan-2026 13:29:10 Asia/Jakarta] PHP Fatal error:  Uncaught Error: Failed opening required '/home/icguchfssf/fastpaytrack.com/app/config/../controllers/CheckoutController.php' (include_path='.:/opt/alt/php82/usr/share/pear:/opt/alt/php82/usr/share/php:/usr/share/pear:/usr/share/php') in /home/icguchfssf/fastpaytrack.com/app/config/bootstrap.php:32
Stack trace:
#0 /home/icguchfssf/fastpaytrack.com/index.php(4): require()
#1 {main}
  thrown in /home/icguchfssf/fastpaytrack.com/app/config/bootstrap.php on line 32
[21-Jan-2026 13:48:19 Asia/Jakarta] PHP Fatal error:  Uncaught Error: Class "App\Controllers\DashboardController" not found in /home/icguchfssf/fastpaytrack.com/index.php:85
Stack trace:
#0 {main}
  thrown in /home/icguchfssf/fastpaytrack.com/index.php on line 85
[21-Jan-2026 14:19:52 Asia/Jakarta] PHP Fatal error:  Uncaught Error: Class "App\Controllers\CheckoutController" not found in /home/icguchfssf/fastpaytrack.com/index.php:85
Stack trace:
#0 {main}
  thrown in /home/icguchfssf/fastpaytrack.com/index.php on line 85
[21-Jan-2026 15:14:58 Asia/Jakarta] MIDTRANS QRIS ERROR: MIDTRANS_SERVER_KEY kosong di .env
[21-Jan-2026 15:15:02 Asia/Jakarta] PHP Fatal error:  Uncaught RuntimeException: PAYPAL_CLIENT_ID/SECRET kosong di .env in /home/icguchfssf/fastpaytrack.com/app/lib/PaymentPayPal.php:24
Stack trace:
#0 /home/icguchfssf/fastpaytrack.com/app/lib/PaymentPayPal.php(41): App\Lib\PaymentPayPal::getAccessToken()
#1 /home/icguchfssf/fastpaytrack.com/app/controllers/PaymentController.php(88): App\Lib\PaymentPayPal::createOrder()
#2 /home/icguchfssf/fastpaytrack.com/index.php(94): App\Controllers\PaymentController->paypalStart()
#3 {main}
  thrown in /home/icguchfssf/fastpaytrack.com/app/lib/PaymentPayPal.php on line 24
[21-Jan-2026 15:15:06 Asia/Jakarta] PHP Fatal error:  Uncaught RuntimeException: PAYPAL_CLIENT_ID/SECRET kosong di .env in /home/icguchfssf/fastpaytrack.com/app/lib/PaymentPayPal.php:24
Stack trace:
#0 /home/icguchfssf/fastpaytrack.com/app/lib/PaymentPayPal.php(41): App\Lib\PaymentPayPal::getAccessToken()
#1 /home/icguchfssf/fastpaytrack.com/app/controllers/PaymentController.php(88): App\Lib\PaymentPayPal::createOrder()
#2 /home/icguchfssf/fastpaytrack.com/index.php(94): App\Controllers\PaymentController->paypalStart()
#3 {main}
  thrown in /home/icguchfssf/fastpaytrack.com/app/lib/PaymentPayPal.php on line 24
[21-Jan-2026 15:15:10 Asia/Jakarta] PHP Fatal error:  Uncaught RuntimeException: STRIPE_SECRET_KEY kosong di .env in /home/icguchfssf/fastpaytrack.com/app/lib/PaymentStripe.php:11
Stack trace:
#0 /home/icguchfssf/fastpaytrack.com/app/controllers/PaymentController.php(63): App\Lib\PaymentStripe::createCheckoutSession()
#1 /home/icguchfssf/fastpaytrack.com/index.php(94): App\Controllers\PaymentController->stripeStart()
#2 {main}
  thrown in /home/icguchfssf/fastpaytrack.com/app/lib/PaymentStripe.php on line 11
[21-Jan-2026 15:15:11 Asia/Jakarta] PHP Fatal error:  Uncaught RuntimeException: STRIPE_SECRET_KEY kosong di .env in /home/icguchfssf/fastpaytrack.com/app/lib/PaymentStripe.php:11
Stack trace:
#0 /home/icguchfssf/fastpaytrack.com/app/controllers/PaymentController.php(63): App\Lib\PaymentStripe::createCheckoutSession()
#1 /home/icguchfssf/fastpaytrack.com/index.php(94): App\Controllers\PaymentController->stripeStart()
#2 {main}
  thrown in /home/icguchfssf/fastpaytrack.com/app/lib/PaymentStripe.php on line 11
[21-Jan-2026 15:15:14 Asia/Jakarta] MIDTRANS QRIS ERROR: MIDTRANS_SERVER_KEY kosong di .env
[21-Jan-2026 15:37:32 Asia/Jakarta] PHP Fatal error:  Uncaught RuntimeException: Stripe create session error: {
  "error": {
    "code": "amount_too_small",
    "doc_url": "https://stripe.com/docs/error-codes/amount-too-small",
    "message": "The Checkout Session's total amount must convert to at least 50 cents. Rp520.00 converts to approximately $0.03.",
    "request_log_url": "https://dashboard.stripe.com/acct_1SfVTyF8uzcZg7mx/test/workbench/logs?object=req_b9y8I23E9F8uUs",
    "type": "invalid_request_error"
  }
}
 in /home/icguchfssf/fastpaytrack.com/app/lib/PaymentStripe.php:32
Stack trace:
#0 /home/icguchfssf/fastpaytrack.com/app/controllers/PaymentController.php(63): App\Lib\PaymentStripe::createCheckoutSession()
#1 /home/icguchfssf/fastpaytrack.com/index.php(94): App\Controllers\PaymentController->stripeStart()
#2 {main}
  thrown in /home/icguchfssf/fastpaytrack.com/app/lib/PaymentStripe.php on line 32
[21-Jan-2026 15:42:07 Asia/Jakarta] PHP Fatal error:  Uncaught RuntimeException: Stripe create session error: {
  "error": {
    "code": "amount_too_small",
    "doc_url": "https://stripe.com/docs/error-codes/amount-too-small",
    "message": "The Checkout Session's total amount must convert to at least 50 cents. Rp520.00 converts to approximately $0.03.",
    "request_log_url": "https://dashboard.stripe.com/acct_1SfVTyF8uzcZg7mx/test/workbench/logs?object=req_zkAlZjZIKerN3L",
    "type": "invalid_request_error"
  }
}
 in /home/icguchfssf/fastpaytrack.com/app/lib/PaymentStripe.php:32
Stack trace:
#0 /home/icguchfssf/fastpaytrack.com/app/controllers/PaymentController.php(63): App\Lib\PaymentStripe::createCheckoutSession()
#1 /home/icguchfssf/fastpaytrack.com/index.php(94): App\Controllers\PaymentController->stripeStart()
#2 {main}
  thrown in /home/icguchfssf/fastpaytrack.com/app/lib/PaymentStripe.php on line 32
[21-Jan-2026 15:42:17 Asia/Jakarta] PHP Fatal error:  Uncaught RuntimeException: PayPal token error: {"error":"invalid_client","error_description":"Client Authentication failed"} in /home/icguchfssf/fastpaytrack.com/app/lib/PaymentPayPal.php:34
Stack trace:
#0 /home/icguchfssf/fastpaytrack.com/app/lib/PaymentPayPal.php(41): App\Lib\PaymentPayPal::getAccessToken()
#1 /home/icguchfssf/fastpaytrack.com/app/controllers/PaymentController.php(88): App\Lib\PaymentPayPal::createOrder()
#2 /home/icguchfssf/fastpaytrack.com/index.php(94): App\Controllers\PaymentController->paypalStart()
#3 {main}
  thrown in /home/icguchfssf/fastpaytrack.com/app/lib/PaymentPayPal.php on line 34
[22-Jan-2026 22:22:26 Asia/Jakarta] PHP Parse error:  syntax error, unexpected token "\" in /home/icguchfssf/fastpaytrack.com/app/controllers/InvoiceController.php on line 412
[22-Jan-2026 22:22:26 Asia/Jakarta] PHP Parse error:  syntax error, unexpected token "\" in /home/icguchfssf/fastpaytrack.com/app/controllers/InvoiceController.php on line 412
[22-Jan-2026 22:22:29 Asia/Jakarta] PHP Parse error:  syntax error, unexpected token "\" in /home/icguchfssf/fastpaytrack.com/app/controllers/InvoiceController.php on line 412
[22-Jan-2026 22:22:33 Asia/Jakarta] PHP Parse error:  syntax error, unexpected token "\" in /home/icguchfssf/fastpaytrack.com/app/controllers/InvoiceController.php on line 412
[22-Jan-2026 22:22:36 Asia/Jakarta] PHP Parse error:  syntax error, unexpected token "\" in /home/icguchfssf/fastpaytrack.com/app/controllers/InvoiceController.php on line 412
[22-Jan-2026 22:22:43 Asia/Jakarta] PHP Parse error:  syntax error, unexpected token "\" in /home/icguchfssf/fastpaytrack.com/app/controllers/InvoiceController.php on line 412
[22-Jan-2026 22:22:57 Asia/Jakarta] PHP Parse error:  syntax error, unexpected token "\" in /home/icguchfssf/fastpaytrack.com/app/controllers/InvoiceController.php on line 412
[22-Jan-2026 22:28:10 Asia/Jakarta] PHP Parse error:  syntax error, unexpected token "\" in /home/icguchfssf/fastpaytrack.com/app/controllers/InvoiceController.php on line 412
[22-Jan-2026 22:28:13 Asia/Jakarta] PHP Parse error:  syntax error, unexpected token "\" in /home/icguchfssf/fastpaytrack.com/app/controllers/InvoiceController.php on line 412
[25-Jan-2026 14:33:34 Asia/Jakarta] PHP Fatal error:  Uncaught Error: Call to undefined method App\Lib\DB::fetchAll() in /home/icguchfssf/fastpaytrack.com/app/controllers/SettingsController.php:36
Stack trace:
#0 /home/icguchfssf/fastpaytrack.com/index.php(136): App\Controllers\SettingsController->security()
#1 {main}
  thrown in /home/icguchfssf/fastpaytrack.com/app/controllers/SettingsController.php on line 36
[25-Jan-2026 14:33:36 Asia/Jakarta] PHP Fatal error:  Uncaught Error: Call to undefined method App\Lib\DB::fetchAll() in /home/icguchfssf/fastpaytrack.com/app/controllers/SettingsController.php:36
Stack trace:
#0 /home/icguchfssf/fastpaytrack.com/index.php(136): App\Controllers\SettingsController->security()
#1 {main}
  thrown in /home/icguchfssf/fastpaytrack.com/app/controllers/SettingsController.php on line 36
[25-Jan-2026 14:35:50 Asia/Jakarta] PHP Fatal error:  Uncaught Error: Call to undefined method App\Lib\DB::fetchAll() in /home/icguchfssf/fastpaytrack.com/app/controllers/SettingsController.php:36
Stack trace:
#0 /home/icguchfssf/fastpaytrack.com/index.php(136): App\Controllers\SettingsController->security()
#1 {main}
  thrown in /home/icguchfssf/fastpaytrack.com/app/controllers/SettingsController.php on line 36
[25-Jan-2026 15:33:15 Asia/Jakarta] PHP Fatal error:  Uncaught Error: Call to undefined method App\Controllers\AuthController::showLogin() in /home/icguchfssf/fastpaytrack.com/index.php:136
Stack trace:
#0 {main}
  thrown in /home/icguchfssf/fastpaytrack.com/index.php on line 136
[25-Jan-2026 15:33:29 Asia/Jakarta] PHP Fatal error:  Uncaught Error: Call to undefined method App\Controllers\AuthController::showLogin() in /home/icguchfssf/fastpaytrack.com/index.php:136
Stack trace:
#0 {main}
  thrown in /home/icguchfssf/fastpaytrack.com/index.php on line 136
[25-Jan-2026 15:33:32 Asia/Jakarta] PHP Fatal error:  Uncaught Error: Call to undefined method App\Controllers\AuthController::showLogin() in /home/icguchfssf/fastpaytrack.com/index.php:136
Stack trace:
#0 {main}
  thrown in /home/icguchfssf/fastpaytrack.com/index.php on line 136
[25-Jan-2026 15:33:33 Asia/Jakarta] PHP Fatal error:  Uncaught Error: Call to undefined method App\Controllers\AuthController::showLogin() in /home/icguchfssf/fastpaytrack.com/index.php:136
Stack trace:
#0 {main}
  thrown in /home/icguchfssf/fastpaytrack.com/index.php on line 136
[25-Jan-2026 16:15:52 Asia/Jakarta] PHP Fatal error:  Uncaught Error: Call to undefined method App\Controllers\AuthController::showForgot() in /home/icguchfssf/fastpaytrack.com/index.php:137
Stack trace:
#0 {main}
  thrown in /home/icguchfssf/fastpaytrack.com/index.php on line 137
[25-Jan-2026 18:34:42 Asia/Jakarta] PHP Fatal error:  Uncaught Error: Class "App\Controllers\NotificationController" not found in /home/icguchfssf/fastpaytrack.com/index.php:140
Stack trace:
#0 {main}
  thrown in /home/icguchfssf/fastpaytrack.com/index.php on line 140
[25-Jan-2026 18:36:41 Asia/Jakarta] PHP Fatal error:  Uncaught Error: Class "App\Controllers\NotificationController" not found in /home/icguchfssf/fastpaytrack.com/index.php:140
Stack trace:
#0 {main}
  thrown in /home/icguchfssf/fastpaytrack.com/index.php on line 140
[25-Jan-2026 18:37:03 Asia/Jakarta] PHP Fatal error:  Uncaught Error: Class "App\Controllers\NotificationController" not found in /home/icguchfssf/fastpaytrack.com/index.php:140
Stack trace:
#0 {main}
  thrown in /home/icguchfssf/fastpaytrack.com/index.php on line 140
[25-Jan-2026 18:40:13 Asia/Jakarta] PHP Fatal error:  Uncaught Error: Call to undefined method App\Controllers\AuthController::showForgot() in /home/icguchfssf/fastpaytrack.com/index.php:141
Stack trace:
#0 {main}
  thrown in /home/icguchfssf/fastpaytrack.com/index.php on line 141
[25-Jan-2026 18:40:16 Asia/Jakarta] PHP Fatal error:  Uncaught Error: Call to undefined method App\Controllers\AuthController::showForgot() in /home/icguchfssf/fastpaytrack.com/index.php:141
Stack trace:
#0 {main}
  thrown in /home/icguchfssf/fastpaytrack.com/index.php on line 141
[25-Jan-2026 18:55:12 Asia/Jakarta] PHP Fatal error:  Uncaught Error: Class "App\Controllers\NotificationController" not found in /home/icguchfssf/fastpaytrack.com/index.php:135
Stack trace:
#0 {main}
  thrown in /home/icguchfssf/fastpaytrack.com/index.php on line 135
[25-Jan-2026 18:55:36 Asia/Jakarta] PHP Fatal error:  Uncaught Error: Class "App\Controllers\NotificationController" not found in /home/icguchfssf/fastpaytrack.com/index.php:135
Stack trace:
#0 {main}
  thrown in /home/icguchfssf/fastpaytrack.com/index.php on line 135
[25-Jan-2026 18:56:27 Asia/Jakarta] PHP Fatal error:  Uncaught Error: Class "App\Controllers\NotificationController" not found in /home/icguchfssf/fastpaytrack.com/index.php:135
Stack trace:
#0 {main}
  thrown in /home/icguchfssf/fastpaytrack.com/index.php on line 135
[25-Jan-2026 19:00:53 Asia/Jakarta] PHP Fatal error:  Uncaught Error: Class "App\Controllers\NotificationController" not found in /home/icguchfssf/fastpaytrack.com/index.php:135
Stack trace:
#0 {main}
  thrown in /home/icguchfssf/fastpaytrack.com/index.php on line 135
[25-Jan-2026 19:05:32 Asia/Jakarta] PHP Fatal error:  Uncaught Error: Class "App\Controllers\NotificationController" not found in /home/icguchfssf/fastpaytrack.com/index.php:134
Stack trace:
#0 {main}
  thrown in /home/icguchfssf/fastpaytrack.com/index.php on line 134
[25-Jan-2026 19:05:34 Asia/Jakarta] PHP Fatal error:  Uncaught Error: Class "App\Controllers\NotificationController" not found in /home/icguchfssf/fastpaytrack.com/index.php:134
Stack trace:
#0 {main}
  thrown in /home/icguchfssf/fastpaytrack.com/index.php on line 134
[25-Jan-2026 19:05:36 Asia/Jakarta] PHP Fatal error:  Uncaught Error: Class "App\Controllers\NotificationController" not found in /home/icguchfssf/fastpaytrack.com/index.php:134
Stack trace:
#0 {main}
  thrown in /home/icguchfssf/fastpaytrack.com/index.php on line 134
[25-Jan-2026 19:05:37 Asia/Jakarta] PHP Fatal error:  Uncaught Error: Class "App\Controllers\NotificationController" not found in /home/icguchfssf/fastpaytrack.com/index.php:134
Stack trace:
#0 {main}
  thrown in /home/icguchfssf/fastpaytrack.com/index.php on line 134
[25-Jan-2026 19:06:01 Asia/Jakarta] PHP Fatal error:  Uncaught Error: Class "App\Controllers\NotificationController" not found in /home/icguchfssf/fastpaytrack.com/index.php:134
Stack trace:
#0 {main}
  thrown in /home/icguchfssf/fastpaytrack.com/index.php on line 134
[25-Jan-2026 19:06:04 Asia/Jakarta] PHP Fatal error:  Uncaught Error: Class "App\Controllers\NotificationController" not found in /home/icguchfssf/fastpaytrack.com/index.php:134
Stack trace:
#0 {main}
  thrown in /home/icguchfssf/fastpaytrack.com/index.php on line 134
[25-Jan-2026 19:11:44 Asia/Jakarta] PHP Fatal error:  Uncaught Error: Class "App\Controllers\NotificationController" not found in /home/icguchfssf/fastpaytrack.com/index.php:136
Stack trace:
#0 {main}
  thrown in /home/icguchfssf/fastpaytrack.com/index.php on line 136
[25-Jan-2026 19:11:47 Asia/Jakarta] PHP Fatal error:  Uncaught Error: Class "App\Controllers\NotificationController" not found in /home/icguchfssf/fastpaytrack.com/index.php:136
Stack trace:
#0 {main}
  thrown in /home/icguchfssf/fastpaytrack.com/index.php on line 136
[25-Jan-2026 19:11:58 Asia/Jakarta] PHP Fatal error:  Uncaught Error: Class "App\Controllers\NotificationController" not found in /home/icguchfssf/fastpaytrack.com/index.php:136
Stack trace:
#0 {main}
  thrown in /home/icguchfssf/fastpaytrack.com/index.php on line 136
[25-Jan-2026 19:20:25 Asia/Jakarta] ROUTER ERROR: Class "App\Controllers\NotificationController" not found
[25-Jan-2026 19:20:32 Asia/Jakarta] ROUTER ERROR: Class "App\Controllers\NotificationController" not found
[25-Jan-2026 19:24:02 Asia/Jakarta] ROUTER ERROR: Call to undefined method App\Controllers\AuthController::showForgot()
[25-Jan-2026 19:38:42 Asia/Jakarta] ROUTER ERROR GET /forgot: Action not found: App\Controllers\AuthController::showForgot()
[25-Jan-2026 19:38:48 Asia/Jakarta] ROUTER ERROR GET /forgot: Action not found: App\Controllers\AuthController::showForgot()
[25-Jan-2026 19:50:25 Asia/Jakarta] ROUTER ERROR GET /forgot: Action not found: App\Controllers\AuthController::showForgot()
[25-Jan-2026 19:53:12 Asia/Jakarta] ROUTER ERROR GET /forgot: Action not found: App\Controllers\AuthController::showForgot()
[25-Jan-2026 19:59:22 Asia/Jakarta] ROUTER ERROR GET /forgot: Action not found: App\Controllers\AuthController::showForgot()
[25-Jan-2026 20:36:59 Asia/Jakarta] PHP Fatal error:  Uncaught PDOException: SQLSTATE[42S02]: Base table or view not found: 1146 Table 'icguchfssf_fastpaytrack.password_reset_tokens' doesn't exist in /home/icguchfssf/fastpaytrack.com/app/controllers/AuthController.php:369
Stack trace:
#0 /home/icguchfssf/fastpaytrack.com/app/controllers/AuthController.php(369): PDOStatement->execute()
#1 /home/icguchfssf/fastpaytrack.com/index.php(135): App\Controllers\AuthController->sendReset()
#2 {main}
  thrown in /home/icguchfssf/fastpaytrack.com/app/controllers/AuthController.php on line 369
[25-Jan-2026 20:37:05 Asia/Jakarta] PHP Fatal error:  Uncaught PDOException: SQLSTATE[42S02]: Base table or view not found: 1146 Table 'icguchfssf_fastpaytrack.password_reset_tokens' doesn't exist in /home/icguchfssf/fastpaytrack.com/app/controllers/AuthController.php:369
Stack trace:
#0 /home/icguchfssf/fastpaytrack.com/app/controllers/AuthController.php(369): PDOStatement->execute()
#1 /home/icguchfssf/fastpaytrack.com/index.php(135): App\Controllers\AuthController->sendReset()
#2 {main}
  thrown in /home/icguchfssf/fastpaytrack.com/app/controllers/AuthController.php on line 369
[25-Jan-2026 20:37:39 Asia/Jakarta] PHP Fatal error:  Uncaught PDOException: SQLSTATE[42S02]: Base table or view not found: 1146 Table 'icguchfssf_fastpaytrack.password_reset_tokens' doesn't exist in /home/icguchfssf/fastpaytrack.com/app/controllers/AuthController.php:369
Stack trace:
#0 /home/icguchfssf/fastpaytrack.com/app/controllers/AuthController.php(369): PDOStatement->execute()
#1 /home/icguchfssf/fastpaytrack.com/index.php(135): App\Controllers\AuthController->sendReset()
#2 {main}
  thrown in /home/icguchfssf/fastpaytrack.com/app/controllers/AuthController.php on line 369
[25-Jan-2026 20:44:45 Asia/Jakarta] PHP Fatal error:  Uncaught PDOException: SQLSTATE[42S02]: Base table or view not found: 1146 Table 'icguchfssf_fastpaytrack.password_reset_tokens' doesn't exist in /home/icguchfssf/fastpaytrack.com/app/controllers/AuthController.php:369
Stack trace:
#0 /home/icguchfssf/fastpaytrack.com/app/controllers/AuthController.php(369): PDOStatement->execute()
#1 /home/icguchfssf/fastpaytrack.com/index.php(135): App\Controllers\AuthController->sendReset()
#2 {main}
  thrown in /home/icguchfssf/fastpaytrack.com/app/controllers/AuthController.php on line 369
[25-Jan-2026 23:37:47 Asia/Jakarta] PHP Fatal error:  Uncaught PDOException: SQLSTATE[42S02]: Base table or view not found: 1146 Table 'icguchfssf_fastpaytrack.catalog_categories' doesn't exist in /home/icguchfssf/fastpaytrack.com/app/controllers/DashboardController.php:32
Stack trace:
#0 /home/icguchfssf/fastpaytrack.com/app/controllers/DashboardController.php(32): PDO->query()
#1 /home/icguchfssf/fastpaytrack.com/index.php(135): App\Controllers\DashboardController->index()
#2 {main}
  thrown in /home/icguchfssf/fastpaytrack.com/app/controllers/DashboardController.php on line 32
[25-Jan-2026 23:37:51 Asia/Jakarta] PHP Fatal error:  Uncaught PDOException: SQLSTATE[42S02]: Base table or view not found: 1146 Table 'icguchfssf_fastpaytrack.catalog_categories' doesn't exist in /home/icguchfssf/fastpaytrack.com/app/controllers/DashboardController.php:32
Stack trace:
#0 /home/icguchfssf/fastpaytrack.com/app/controllers/DashboardController.php(32): PDO->query()
#1 /home/icguchfssf/fastpaytrack.com/index.php(135): App\Controllers\DashboardController->index()
#2 {main}
  thrown in /home/icguchfssf/fastpaytrack.com/app/controllers/DashboardController.php on line 32
[28-Jan-2026 01:19:07 Asia/Jakarta] PHP Fatal error:  Uncaught Error: Class "App\Controllers\ProductsController" not found in /home/icguchfssf/fastpaytrack.com/index.php:137
Stack trace:
#0 {main}
  thrown in /home/icguchfssf/fastpaytrack.com/index.php on line 137
[28-Jan-2026 01:19:10 Asia/Jakarta] PHP Fatal error:  Uncaught Error: Class "App\Controllers\ProductsController" not found in /home/icguchfssf/fastpaytrack.com/index.php:137
Stack trace:
#0 {main}
  thrown in /home/icguchfssf/fastpaytrack.com/index.php on line 137
[28-Jan-2026 01:19:42 Asia/Jakarta] PHP Fatal error:  Uncaught Error: Class "App\Controllers\ProductsController" not found in /home/icguchfssf/fastpaytrack.com/index.php:137
Stack trace:
#0 {main}
  thrown in /home/icguchfssf/fastpaytrack.com/index.php on line 137
[28-Jan-2026 01:20:35 Asia/Jakarta] PHP Fatal error:  Uncaught Error: Class "App\Controllers\ProductsController" not found in /home/icguchfssf/fastpaytrack.com/index.php:137
Stack trace:
#0 {main}
  thrown in /home/icguchfssf/fastpaytrack.com/index.php on line 137
[28-Jan-2026 01:20:36 Asia/Jakarta] PHP Fatal error:  Uncaught Error: Class "App\Controllers\ProductsController" not found in /home/icguchfssf/fastpaytrack.com/index.php:137
Stack trace:
#0 {main}
  thrown in /home/icguchfssf/fastpaytrack.com/index.php on line 137
[28-Jan-2026 01:22:24 Asia/Jakarta] PHP Fatal error:  Uncaught Error: Class "App\Controllers\ProductsController" not found in /home/icguchfssf/fastpaytrack.com/index.php:137
Stack trace:
#0 {main}
  thrown in /home/icguchfssf/fastpaytrack.com/index.php on line 137
[28-Jan-2026 01:25:36 Asia/Jakarta] PHP Fatal error:  Uncaught Error: Class "App\Controllers\ProductsController" not found in /home/icguchfssf/fastpaytrack.com/index.php:137
Stack trace:
#0 {main}
  thrown in /home/icguchfssf/fastpaytrack.com/index.php on line 137
[28-Jan-2026 01:25:52 Asia/Jakarta] PHP Fatal error:  Uncaught Error: Class "App\Controllers\ProductsController" not found in /home/icguchfssf/fastpaytrack.com/index.php:137
Stack trace:
#0 {main}
  thrown in /home/icguchfssf/fastpaytrack.com/index.php on line 137
[28-Jan-2026 02:11:33 Asia/Jakarta] PHP Fatal error:  Uncaught Error: Class "App\Controllers\ProductsController" not found in /home/icguchfssf/fastpaytrack.com/index.php:137
Stack trace:
#0 {main}
  thrown in /home/icguchfssf/fastpaytrack.com/index.php on line 137
[28-Jan-2026 02:11:35 Asia/Jakarta] PHP Fatal error:  Uncaught Error: Class "App\Controllers\ProductsController" not found in /home/icguchfssf/fastpaytrack.com/index.php:137
Stack trace:
#0 {main}
  thrown in /home/icguchfssf/fastpaytrack.com/index.php on line 137
[28-Jan-2026 02:11:39 Asia/Jakarta] PHP Fatal error:  Uncaught Error: Class "App\Controllers\ProductsController" not found in /home/icguchfssf/fastpaytrack.com/index.php:137
Stack trace:
#0 {main}
  thrown in /home/icguchfssf/fastpaytrack.com/index.php on line 137
[28-Jan-2026 02:33:03 Asia/Jakarta] ROUTER ERROR: Class not found: App\Controllers\ProductsController
[28-Jan-2026 02:33:13 Asia/Jakarta] ROUTER ERROR: Class not found: App\Controllers\ProductsController
[28-Jan-2026 02:33:22 Asia/Jakarta] ROUTER ERROR: Class not found: App\Controllers\ProductsController
[28-Jan-2026 05:31:32 Asia/Jakarta] ROUTER ERROR GET /product: Action not found: App\Controllers\ProductsController::detail()
[28-Jan-2026 05:40:08 Asia/Jakarta] PHP Warning:  require(/home/icguchfssf/fastpaytrack.com/app/controllers/../views/products/show.php): Failed to open stream: No such file or directory in /home/icguchfssf/fastpaytrack.com/app/controllers/ProductsController.php on line 16
[28-Jan-2026 05:40:08 Asia/Jakarta] Failed opening required '/home/icguchfssf/fastpaytrack.com/app/controllers/../views/products/show.php' (include_path='.:/opt/alt/php82/usr/share/pear:/opt/alt/php82/usr/share/php:/usr/share/pear:/usr/share/php')
[28-Jan-2026 05:40:48 Asia/Jakarta] ROUTER ERROR GET /product: Action not found: App\Controllers\ProductsController::show()
[28-Jan-2026 05:41:21 Asia/Jakarta] PHP Warning:  require(/home/icguchfssf/fastpaytrack.com/app/controllers/../views/products/show.php): Failed to open stream: No such file or directory in /home/icguchfssf/fastpaytrack.com/app/controllers/ProductsController.php on line 16
[28-Jan-2026 05:41:21 Asia/Jakarta] Failed opening required '/home/icguchfssf/fastpaytrack.com/app/controllers/../views/products/show.php' (include_path='.:/opt/alt/php82/usr/share/pear:/opt/alt/php82/usr/share/php:/usr/share/pear:/usr/share/php')
[28-Jan-2026 05:42:23 Asia/Jakarta] ROUTER ERROR GET /product: Action not found: App\Controllers\ProductsController::show()
[28-Jan-2026 06:03:30 Asia/Jakarta] ROUTER ERROR GET /product: Action not found: App\Controllers\ProductsController::show()
[28-Jan-2026 09:17:04 Asia/Jakarta] PHP Warning:  Undefined array key "name" in /home/icguchfssf/fastpaytrack.com/app/views/cart/checkout.php on line 238
[28-Jan-2026 09:17:04 Asia/Jakarta] PHP Warning:  Undefined array key "category" in /home/icguchfssf/fastpaytrack.com/app/views/cart/checkout.php on line 240
[28-Jan-2026 09:17:04 Asia/Jakarta] PHP Warning:  Undefined array key "key" in /home/icguchfssf/fastpaytrack.com/app/views/cart/checkout.php on line 257
[28-Jan-2026 09:17:04 Asia/Jakarta] PHP Warning:  Undefined array key "key" in /home/icguchfssf/fastpaytrack.com/app/views/cart/checkout.php on line 267
[28-Jan-2026 09:17:04 Asia/Jakarta] PHP Warning:  Undefined array key "key" in /home/icguchfssf/fastpaytrack.com/app/views/cart/checkout.php on line 281
[28-Jan-2026 09:17:31 Asia/Jakarta] PHP Warning:  Undefined array key "name" in /home/icguchfssf/fastpaytrack.com/app/views/cart/checkout.php on line 238
[28-Jan-2026 09:17:31 Asia/Jakarta] PHP Warning:  Undefined array key "category" in /home/icguchfssf/fastpaytrack.com/app/views/cart/checkout.php on line 240
[28-Jan-2026 09:17:31 Asia/Jakarta] PHP Warning:  Undefined array key "key" in /home/icguchfssf/fastpaytrack.com/app/views/cart/checkout.php on line 257
[28-Jan-2026 09:17:31 Asia/Jakarta] PHP Warning:  Undefined array key "key" in /home/icguchfssf/fastpaytrack.com/app/views/cart/checkout.php on line 267
[28-Jan-2026 09:17:31 Asia/Jakarta] PHP Warning:  Undefined array key "key" in /home/icguchfssf/fastpaytrack.com/app/views/cart/checkout.php on line 281
[28-Jan-2026 09:18:07 Asia/Jakarta] PHP Warning:  Undefined array key "name" in /home/icguchfssf/fastpaytrack.com/app/views/cart/checkout.php on line 238
[28-Jan-2026 09:18:07 Asia/Jakarta] PHP Warning:  Undefined array key "category" in /home/icguchfssf/fastpaytrack.com/app/views/cart/checkout.php on line 240
[28-Jan-2026 09:18:07 Asia/Jakarta] PHP Warning:  Undefined array key "key" in /home/icguchfssf/fastpaytrack.com/app/views/cart/checkout.php on line 257
[28-Jan-2026 09:18:07 Asia/Jakarta] PHP Warning:  Undefined array key "key" in /home/icguchfssf/fastpaytrack.com/app/views/cart/checkout.php on line 267
[28-Jan-2026 09:18:07 Asia/Jakarta] PHP Warning:  Undefined array key "key" in /home/icguchfssf/fastpaytrack.com/app/views/cart/checkout.php on line 281
[28-Jan-2026 09:19:31 Asia/Jakarta] PHP Warning:  Undefined array key "name" in /home/icguchfssf/fastpaytrack.com/app/views/cart/checkout.php on line 238
[28-Jan-2026 09:19:31 Asia/Jakarta] PHP Warning:  Undefined array key "category" in /home/icguchfssf/fastpaytrack.com/app/views/cart/checkout.php on line 240
[28-Jan-2026 09:19:31 Asia/Jakarta] PHP Warning:  Undefined array key "key" in /home/icguchfssf/fastpaytrack.com/app/views/cart/checkout.php on line 257
[28-Jan-2026 09:19:31 Asia/Jakarta] PHP Warning:  Undefined array key "key" in /home/icguchfssf/fastpaytrack.com/app/views/cart/checkout.php on line 267
[28-Jan-2026 09:19:31 Asia/Jakarta] PHP Warning:  Undefined array key "key" in /home/icguchfssf/fastpaytrack.com/app/views/cart/checkout.php on line 281
[28-Jan-2026 09:26:23 Asia/Jakarta] PHP Warning:  Undefined array key "name" in /home/icguchfssf/fastpaytrack.com/app/views/cart/checkout.php on line 238
[28-Jan-2026 09:26:23 Asia/Jakarta] PHP Warning:  Undefined array key "category" in /home/icguchfssf/fastpaytrack.com/app/views/cart/checkout.php on line 240
[28-Jan-2026 09:26:23 Asia/Jakarta] PHP Warning:  Undefined array key "key" in /home/icguchfssf/fastpaytrack.com/app/views/cart/checkout.php on line 257
[28-Jan-2026 09:26:23 Asia/Jakarta] PHP Warning:  Undefined array key "key" in /home/icguchfssf/fastpaytrack.com/app/views/cart/checkout.php on line 267
[28-Jan-2026 09:26:23 Asia/Jakarta] PHP Warning:  Undefined array key "key" in /home/icguchfssf/fastpaytrack.com/app/views/cart/checkout.php on line 281
[28-Jan-2026 09:29:24 Asia/Jakarta] PHP Warning:  Undefined array key "name" in /home/icguchfssf/fastpaytrack.com/app/views/cart/checkout.php on line 238
[28-Jan-2026 09:29:24 Asia/Jakarta] PHP Warning:  Undefined array key "category" in /home/icguchfssf/fastpaytrack.com/app/views/cart/checkout.php on line 240
[28-Jan-2026 09:29:24 Asia/Jakarta] PHP Warning:  Undefined array key "key" in /home/icguchfssf/fastpaytrack.com/app/views/cart/checkout.php on line 257
[28-Jan-2026 09:29:24 Asia/Jakarta] PHP Warning:  Undefined array key "key" in /home/icguchfssf/fastpaytrack.com/app/views/cart/checkout.php on line 267
[28-Jan-2026 09:29:24 Asia/Jakarta] PHP Warning:  Undefined array key "key" in /home/icguchfssf/fastpaytrack.com/app/views/cart/checkout.php on line 281
[28-Jan-2026 11:03:46 Asia/Jakarta] PHP Warning:  Undefined array key "name" in /home/icguchfssf/fastpaytrack.com/app/views/cart/checkout.php on line 106
[28-Jan-2026 11:03:46 Asia/Jakarta] PHP Warning:  Undefined array key "amount_idr" in /home/icguchfssf/fastpaytrack.com/app/views/cart/checkout.php on line 108
[28-Jan-2026 11:03:46 Asia/Jakarta] PHP Warning:  Undefined array key "unit_price" in /home/icguchfssf/fastpaytrack.com/app/views/cart/checkout.php on line 109
[28-Jan-2026 11:03:46 Asia/Jakarta] PHP Warning:  Undefined array key "line_total" in /home/icguchfssf/fastpaytrack.com/app/views/cart/checkout.php on line 117
[28-Jan-2026 11:03:46 Asia/Jakarta] PHP Warning:  Undefined array key "key" in /home/icguchfssf/fastpaytrack.com/app/views/cart/checkout.php on line 123
[28-Jan-2026 11:03:46 Asia/Jakarta] PHP Warning:  Undefined array key "qty" in /home/icguchfssf/fastpaytrack.com/app/views/cart/checkout.php on line 127
[28-Jan-2026 11:03:46 Asia/Jakarta] PHP Warning:  Undefined array key "key" in /home/icguchfssf/fastpaytrack.com/app/views/cart/checkout.php on line 131
[28-Jan-2026 11:03:46 Asia/Jakarta] PHP Warning:  Undefined array key "key" in /home/icguchfssf/fastpaytrack.com/app/views/cart/checkout.php on line 138
[28-Jan-2026 11:03:46 Asia/Jakarta] PHP Warning:  Undefined array key "qty" in /home/icguchfssf/fastpaytrack.com/app/views/cart/checkout.php on line 146
[28-Jan-2026 11:03:46 Asia/Jakarta] PHP Warning:  Undefined array key "line_total" in /home/icguchfssf/fastpaytrack.com/app/views/cart/checkout.php on line 146
[28-Jan-2026 14:43:32 Asia/Jakarta] TRUST DEVICE ISSUE ERROR: SQLSTATE[42S22]: Column not found: 1054 Unknown column 'ip_address' in 'INSERT INTO'
[28-Jan-2026 14:45:28 Asia/Jakarta] PAYPAL ERROR: PayPal token error: {"error":"invalid_client","error_description":"Client Authentication failed"}
[28-Jan-2026 14:45:40 Asia/Jakarta] PHP Warning:  Undefined array key "product_name" in /home/icguchfssf/fastpaytrack.com/app/views/orders/detail.php on line 109
[28-Jan-2026 14:45:40 Asia/Jakarta] PHP Warning:  Undefined array key "amount_idr" in /home/icguchfssf/fastpaytrack.com/app/views/orders/detail.php on line 111
[28-Jan-2026 14:45:40 Asia/Jakarta] PHP Warning:  Undefined array key "qty" in /home/icguchfssf/fastpaytrack.com/app/views/orders/detail.php on line 111
[28-Jan-2026 14:45:40 Asia/Jakarta] PHP Warning:  Undefined array key "line_total" in /home/icguchfssf/fastpaytrack.com/app/views/orders/detail.php on line 115
[28-Jan-2026 14:46:46 Asia/Jakarta] TRUST DEVICE ISSUE ERROR: SQLSTATE[42S22]: Column not found: 1054 Unknown column 'ip_address' in 'INSERT INTO'
[28-Jan-2026 14:48:55 Asia/Jakarta] TRUST DEVICE ISSUE ERROR: SQLSTATE[42S22]: Column not found: 1054 Unknown column 'ip_address' in 'INSERT INTO'
[05-Feb-2026 18:39:07 Asia/Jakarta] PHP Warning:  stream_socket_enable_crypto(): SSL: Handshake timed out in /home/icguchfssf/fastpaytrack.com/app/lib/MailerSMTP.php on line 27
[08-Feb-2026 09:48:03 Asia/Jakarta] PHP Warning:  Undefined array key "product_name" in /home/icguchfssf/fastpaytrack.com/app/views/orders/detail.php on line 109
[08-Feb-2026 09:48:03 Asia/Jakarta] PHP Warning:  Undefined array key "amount_idr" in /home/icguchfssf/fastpaytrack.com/app/views/orders/detail.php on line 111
[08-Feb-2026 09:48:03 Asia/Jakarta] PHP Warning:  Undefined array key "qty" in /home/icguchfssf/fastpaytrack.com/app/views/orders/detail.php on line 111
[08-Feb-2026 09:48:03 Asia/Jakarta] PHP Warning:  Undefined array key "line_total" in /home/icguchfssf/fastpaytrack.com/app/views/orders/detail.php on line 115
